---------------------------------------------
PIC ASSEMBLER LISTING
Line    Address Opcode  Instruction
---------------------------------------------
0001    0000            ADC EQU 0x20
0002    0000            CounterC EQU 0X21
0003    0000            CounterB EQU 0X22
0004    0000            CounterA EQU 0X23
0005    0000            waffles EQU 0x24
0006    0000            
0007    0000            	org 0x00 ;Inicio del programa en la posici?n cero de memoria
0008    0000    0000    	nop ;Libre (uso del debugger)
0009    0001            
0010    0001            _inicio
0011    0001    1283    	bcf STATUS,RP0 ;Ir banco 0
0012    0002    1303    	bcf STATUS,RP1
0013    0003    3041    	movlw b'01000001' ;A/D conversion Fosc/8
0014    0004    009F    	movwf ADCON0
0015    0005            	;     	     7     6     5    4    3    2       1 0
0016    0005            	; 1Fh ADCON0 ADCS1 ADCS0 CHS2 CHS1 CHS0 GO/DONE ? ADON
0017    0005    1683    	bsf STATUS,RP0 ;Ir banco 1
0018    0006    1303    	bcf STATUS,RP1
0019    0007    3007    	movlw b'00000111'
0020    0008    0081    	movwf OPTION_REG ;TMR0 preescaler, 1:156
0021    0009            	;                7    6      5    4    3   2   1   0 
0022    0009            	; 81h OPTION_REG RBPU INTEDG T0CS T0SE PSA PS2 PS1 PS0
0023    0009    300E    	movlw b'00001110' ;A/D Port AN0/RA0
0024    000A    009F    	movwf ADCON1
0025    000B            	;            7    6     5 4 3     2     1     0 
0026    000B            	; 9Fh ADCON1 ADFM ADCS2 ? ? PCFG3 PCFG2 PCFG1 PCFG0
0027    000B    1405    	bsf TRISA,0 ;RA0 linea de entrada para el ADC
0028    000C                ;Port A: display output
0029    000C    1085        bcf	TRISA, 1
0030    000D    1105       	bcf	TRISA, 2
0031    000E    1185        bcf	TRISA, 3
0032    000F    1205       	bcf	TRISA, 4
0033    0010    1285        bcf	TRISA, 5
0034    0011    1009        bcf	TRISE, 0
0035    0012    1089        bcf	TRISE, 1
0036    0013    0186    	clrf TRISB
0037    0014    1283    	bcf STATUS,RP0 ;Ir banco 0
0038    0015    1303    	bcf STATUS,RP1
0039    0016            _bucle
0040    0016            	;btfss INTCON,T0IF
0041    0016            	;goto _bucle ;Esperar que el timer0 desborde
0042    0016            	; SE DEBE DE COLOCAR UN DELAY PARA QUE ESPERE LA CONVERSION
0043    0016    1503    	BSF  STATUS,Z
0044    0017    206E    	CALL _PRESPERA
0045    0018    110B    	bcf INTCON,T0IF ;Limpiar el indicador de desborde
0046    0019    151F    	bsf ADCON0,GO ;Comenzar conversion A/D
0047    001A            _espera
0048    001A    191F    	btfsc ADCON0,GO ;ADCON0 es 0? (la conversion esta completa?)
0049    001B    281A    	goto _espera ;No, ir _espera
0050    001C    081E    	movf ADRESH,W ;Si, W=ADRESH
0051    001D            	; 1Eh ADRESH A/D Result Register High Byte
0052    001D            	; 9Eh ADRESL A/D Result Register Low Byte 
0053    001D    00A0    	movwf ADC ;ADC=W
0054    001E    0820    	movfw ADC ;W = ADC
0055    001F    2822        	goto  V1
0056    0020            returnExec
0057    0020    2821    	goto wait
0058    0021            
0059    0021            wait
0060    0021    2821    	goto wait	
0061    0022            
0062    0022            V1
0063    0022    30D2        movlw D'210'
0064    0023    0220        subwf ADC, W
0065    0024    1C03        btfss STATUS, C
0066    0025    282A        goto V2
0067    0026    3000        movlw 0x0
0068    0027    00A4        movwf waffles
0069    0028    207F        call case0
0070    0029    2820        goto returnExec
0071    002A            
0072    002A            V2
0073    002A    30C2        movlw D'194'
0074    002B    0220        subwf ADC, W
0075    002C    1C03        btfss STATUS, C
0076    002D    2832        goto V3
0077    002E    3001        movlw 0x1
0078    002F    00A4        movwf waffles
0079    0030    2087        call case1
0080    0031    2820        goto returnExec
0081    0032            
0082    0032            V3
0083    0032    30AE        movlw D'174'
0084    0033    0220        subwf ADC, W
0085    0034    1C03        btfss STATUS, C
0086    0035    283A        goto V4
0087    0036    3002        movlw 0x2
0088    0037    00A4        movwf waffles
0089    0038    208F        call case2
0090    0039    2820        goto returnExec
0091    003A            
0092    003A            V4
0093    003A    309E        movlw D'158'
0094    003B    0220        subwf ADC, W
0095    003C    1C03        btfss STATUS, C
0096    003D    2842        goto V5
0097    003E    3003        movlw 0x3
0098    003F    00A4        movwf waffles
0099    0040    2097        call case3
0100    0041    2820        goto returnExec
0101    0042            
0102    0042            V5
0103    0042    308A        movlw D'138'
0104    0043    0220        subwf ADC, W
0105    0044    1C03        btfss STATUS, C
0106    0045    284A        goto V6
0107    0046    3004        movlw 0x4
0108    0047    00A4        movwf waffles
0109    0048    209F        call case4
0110    0049    2820        goto returnExec
0111    004A            
0112    004A            V6
0113    004A    3075        movlw D'117'
0114    004B    0220        subwf ADC, W
0115    004C    1C03        btfss STATUS, C
0116    004D    2852        goto V7
0117    004E    3005        movlw 0x5
0118    004F    00A4        movwf waffles
0119    0050    20A7        call case5
0120    0051    2820        goto returnExec
0121    0052            
0122    0052            V7
0123    0052    3052        movlw D'82'
0124    0053    0220        subwf ADC, W
0125    0054    1C03        btfss STATUS, C
0126    0055    285A        goto V8
0127    0056    3006        movlw 0x6
0128    0057    00A4        movwf waffles
0129    0058    20AF        call case6
0130    0059    2820        goto returnExec
0131    005A            
0132    005A            V8
0133    005A    3033        movlw D'51'
0134    005B    0220        subwf ADC, W
0135    005C    1C03        btfss STATUS, C
0136    005D    2862        goto V9
0137    005E    3007        movlw 0x7
0138    005F    00A4        movwf waffles
0139    0060    20B7        call case7
0140    0061    2820        goto returnExec
0141    0062            
0142    0062            V9
0143    0062    301C        movlw D'28'
0144    0063    0220        subwf ADC, W
0145    0064    1C03        btfss STATUS, C
0146    0065    286A        goto V10
0147    0066    3008        movlw 0x8
0148    0067    00A4        movwf waffles
0149    0068    20BF        call case8
0150    0069    2820        goto returnExec
0151    006A            
0152    006A            V10
0153    006A                ; movlw D'0'
0154    006A                ; subwf ADC, W
0155    006A                ; btfss STATUS, N
0156    006A                ; goto V10<--
0157    006A                ;btfsc STATUS, C
0158    006A    3009        movlw 0x9
0159    006B    00A4        movwf waffles
0160    006C    20C7        call case9
0161    006D    2820        goto returnExec
0162    006E            
0163    006E            _PRESPERA
0164    006E    30FF    	MOVLW 0XFF
0165    006F    00A3    	MOVWF CounterA
0166    0070    00A2    	MOVWF COUNTERb
0167    0071    00A1    	MOVWF COUNTERc	
0168    0072    2074    	CALL ESPE
0169    0073    0008    	RETURN	
0170    0074            	
0171    0074            ESPE
0172    0074    0BA3    	DECFSZ	CounterA,0X01
0173    0075    2874    	GOTO	ESPE
0174    0076    2078    	CALL	ESPE2
0175    0077    0008    	RETURN
0176    0078            ESPE2
0177    0078    0BA2    	DECFSZ	COUNTERb,0X01
0178    0079    2878    	GOTO	ESPE2
0179    007A    207C    	CALL	ESPE3
0180    007B    0008    	RETURN
0181    007C            ESPE3
0182    007C    0BA1    	DECFSZ	COUNTERc,0X01
0183    007D    287C    	GOTO	ESPE3
0184    007E    0008    	RETURN	
0185    007F            
0186    007F            case0
0187    007F    1085        bcf PORTA, 1
0188    0080    1105        bcf PORTA, 2
0189    0081    1185        bcf PORTA, 3
0190    0082    1205        bcf PORTA, 4
0191    0083    1285        bcf PORTA, 5
0192    0084    1009        bcf PORTE, 0
0193    0085    1489        bsf PORTE, 1
0194    0086    0008        return 
0195    0087            case1
0196    0087    1485        bsf PORTA, 1
0197    0088    1605        bsf PORTA, 4
0198    0089    1685        bsf PORTA, 5
0199    008A    1409        bsf PORTE, 0
0200    008B    1489        bsf PORTE, 1
0201    008C    1105        bcf PORTA, 2
0202    008D    1185        bcf PORTA, 3
0203    008E    0008        return
0204    008F            case2
0205    008F    1085        bcf PORTA, 1
0206    0090    1105        bcf PORTA, 2
0207    0091    1205        bcf PORTA, 4
0208    0092    1285        bcf PORTA, 5
0209    0093    1089        bcf PORTE, 1
0210    0094    1585        bsf PORTA, 3
0211    0095    1409        bsf PORTE, 0
0212    0096    0008        return
0213    0097            case3
0214    0097    1085        bcf PORTA, 1
0215    0098    1105        bcf PORTA, 2
0216    0099    1185        bcf PORTA, 3
0217    009A    1205        bcf PORTA, 4
0218    009B    1089        bcf PORTE, 1
0219    009C    1409        bsf PORTE, 0
0220    009D    1685        bsf PORTA, 5
0221    009E    0008        return
0222    009F            case4
0223    009F    1105        bcf PORTA, 2
0224    00A0    1185        bcf PORTA, 3
0225    00A1    1009        bcf PORTE, 0
0226    00A2    1089        bcf PORTE, 1
0227    00A3    1485        bsf PORTA, 1
0228    00A4    1605        bsf PORTA, 4
0229    00A5    1685        bsf PORTA, 5
0230    00A6    0008        return
0231    00A7            case5
0232    00A7    1185        bcf PORTA, 3
0233    00A8    1205        bcf PORTA, 4
0234    00A9    1009        bcf PORTE, 0
0235    00AA    1089        bcf PORTE, 1
0236    00AB    1085        bcf PORTA, 1
0237    00AC    1685        bsf PORTA, 5
0238    00AD    1505        bsf PORTA, 2
0239    00AE    0008        return
0240    00AF            case6
0241    00AF    1185        bcf PORTA, 3
0242    00B0    1205        bcf PORTA, 4
0243    00B1    1285        bcf PORTA, 5
0244    00B2    1009        bcf PORTE, 0
0245    00B3    1089        bcf PORTE, 1
0246    00B4    1085        bcf PORTA, 1
0247    00B5    1505        bsf PORTA, 2
0248    00B6    0008        return
0249    00B7            case7
0250    00B7    1085        bcf PORTA, 1
0251    00B8    1105        bcf PORTA, 2
0252    00B9    1185        bcf PORTA, 3
0253    00BA    1605        bsf PORTA, 4
0254    00BB    1685        bsf PORTA, 5
0255    00BC    1409        bsf PORTE, 0
0256    00BD    1489        bsf PORTE, 1
0257    00BE    0008        return
0258    00BF            case8
0259    00BF    1085        bcf PORTA, 1
0260    00C0    1105        bcf PORTA, 2
0261    00C1    1185        bcf PORTA, 3
0262    00C2    1205        bcf PORTA, 4
0263    00C3    1285        bcf PORTA, 5
0264    00C4    1009        bcf PORTE, 0
0265    00C5    1089        bcf PORTE, 1
0266    00C6    0008        return
0267    00C7            case9
0268    00C7    1085        bcf PORTA, 1
0269    00C8    1105        bcf PORTA, 2
0270    00C9    1185        bcf PORTA, 3
0271    00CA    1205        bcf PORTA, 4
0272    00CB    1009        bcf PORTE, 0
0273    00CC    1089        bcf PORTE, 1
0274    00CD    1685        bsf PORTA, 5
0275    00CE    0008        return
---------------------------------------------
Number of errors = 0
